<?xml version="1.0" encoding="UTF-8"?>
<testng-results ignored="0" total="1" passed="1" failed="0" skipped="0">
  <reporter-output>
  </reporter-output>
  <suite started-at="2024-06-07T21:05:33 IST" name="Default suite" finished-at="2024-06-07T21:05:44 IST" duration-ms="11414">
    <groups>
    </groups>
    <test started-at="2024-06-07T21:05:33 IST" name="Default test" finished-at="2024-06-07T21:05:44 IST" duration-ms="11414">
      <class name="integrationtestcases.Script03_ShoppingCart_Test">
        <test-method is-config="true" signature="beforeSuite()[pri:0, instance:integrationtestcases.Script03_ShoppingCart_Test@5acf93bb]" started-at="2024-06-07T21:05:33 IST" name="beforeSuite" finished-at="2024-06-07T21:05:33 IST" duration-ms="235" status="PASS">
          <reporter-output>
          </reporter-output>
        </test-method> <!-- beforeSuite -->
        <test-method is-config="true" signature="beforeClass(java.lang.String)[pri:0, instance:integrationtestcases.Script03_ShoppingCart_Test@5acf93bb]" started-at="2024-06-07T21:05:33 IST" name="beforeClass" finished-at="2024-06-07T21:05:38 IST" duration-ms="5524" status="PASS">
          <params>
            <param index="0">
              <value>
                <![CDATA[Chrome]]>
              </value>
            </param>
          </params>
          <reporter-output>
          </reporter-output>
        </test-method> <!-- beforeClass -->
        <test-method is-config="true" signature="beforeMethod(java.lang.reflect.Method)[pri:0, instance:integrationtestcases.Script03_ShoppingCart_Test@5acf93bb]" started-at="2024-06-07T21:05:38 IST" name="beforeMethod" finished-at="2024-06-07T21:05:40 IST" duration-ms="1554" status="PASS">
          <params>
            <param index="0">
              <value>
                <![CDATA[public void integrationtestcases.Script03_ShoppingCart_Test.shoppingcartScript03() throws java.lang.InterruptedException]]>
              </value>
            </param>
          </params>
          <reporter-output>
          </reporter-output>
        </test-method> <!-- beforeMethod -->
        <test-method signature="shoppingcartScript03()[pri:0, instance:integrationtestcases.Script03_ShoppingCart_Test@5acf93bb]" started-at="2024-06-07T21:05:40 IST" name="shoppingcartScript03" finished-at="2024-06-07T21:05:44 IST" duration-ms="4109" status="PASS">
          <reporter-output>
          </reporter-output>
        </test-method> <!-- shoppingcartScript03 -->
        <test-method is-config="true" signature="afterClass()[pri:0, instance:integrationtestcases.Script03_ShoppingCart_Test@5acf93bb]" started-at="2024-06-07T21:05:44 IST" name="afterClass" finished-at="2024-06-07T21:05:44 IST" duration-ms="201" status="PASS">
          <reporter-output>
          </reporter-output>
        </test-method> <!-- afterClass -->
        <test-method is-config="true" signature="afterMethod()[pri:0, instance:integrationtestcases.Script03_ShoppingCart_Test@5acf93bb]" started-at="2024-06-07T21:05:44 IST" name="afterMethod" finished-at="2024-06-07T21:05:44 IST" duration-ms="0" status="PASS">
          <reporter-output>
          </reporter-output>
        </test-method> <!-- afterMethod -->
        <test-method is-config="true" signature="afterSuite()[pri:0, instance:integrationtestcases.Script03_ShoppingCart_Test@5acf93bb]" started-at="2024-06-07T21:05:44 IST" name="afterSuite" finished-at="2024-06-07T21:05:45 IST" duration-ms="307" status="PASS">
          <reporter-output>
          </reporter-output>
        </test-method> <!-- afterSuite -->
      </class> <!-- integrationtestcases.Script03_ShoppingCart_Test -->
    </test> <!-- Default test -->
  </suite> <!-- Default suite -->
</testng-results>
